<?xml version="1.0" encoding="UTF-8"?>
<!-- Generated by org.testng.reporters.JUnitReportReporter -->
<testsuite hostname="hp-pc" failures="0" tests="3" name="testpages.LoginpageTest" time="89.832" errors="0" timestamp="2023-02-19T12:28:29 IST" skipped="0">
  <testcase classname="testpages.LoginpageTest" name="loginpagetitleTest" time="18.397"/>
  <system-out/>
  <testcase classname="testpages.LoginpageTest" name="saucelogoTest" time="20.120"/>
  <system-out/>
  <testcase classname="testpages.LoginpageTest" name="loginTest" time="51.315"/>
  <system-out/>
</testsuite> <!-- testpages.LoginpageTest -->
